<?xml version="1.0" encoding="UTF-8"?>
<!-- Generated by org.testng.reporters.JUnitReportReporter -->
<testsuite hostname="LAPTOP-1O837GLQ" failures="0" tests="1" name="com.lambda.TS02Test" time="8.315" errors="0" timestamp="2023-11-08T16:06:58 IST" skipped="0">
  <testcase classname="com.lambda.TS02Test" name="TS02" time="8.315"/>
  <system-out/>
</testsuite> <!-- com.lambda.TS02Test -->
