<?xml version="1.0" encoding="UTF-8"?>
<!-- Generated by org.testng.reporters.JUnitReportReporter -->
<testsuite hostname="LAPTOP-1O837GLQ" failures="0" tests="1" name="com.lambda.TS01Test" time="8.309" errors="0" timestamp="2023-11-08T16:04:28 IST" skipped="0">
  <testcase classname="com.lambda.TS01Test" name="TS01" time="8.309"/>
  <system-out/>
</testsuite> <!-- com.lambda.TS01Test -->
