<?xml version="1.0" encoding="UTF-8"?>
<!-- Generated by org.testng.reporters.JUnitReportReporter -->
<testsuite hostname="LAPTOP-1O837GLQ" failures="0" tests="1" name="com.lambda.TS03Test" time="13.250" errors="0" timestamp="2023-11-08T16:06:06 IST" skipped="0">
  <testcase classname="com.lambda.TS03Test" name="TS03" time="13.250"/>
  <system-out/>
</testsuite> <!-- com.lambda.TS03Test -->
